This file contains any messages produced by compilers while
running configure, to aid debugging if configure makes a mistake.

It was created by configure, which was
generated by GNU Autoconf 2.69.  Invocation command line was

  $ ./configure 

## --------- ##
## Platform. ##
## --------- ##

hostname = bean
uname -m = x86_64
uname -r = 4.15.0-76-generic
uname -s = Linux
uname -v = #86~16.04.1-Ubuntu SMP Mon Jan 20 11:02:50 UTC 2020

/usr/bin/uname -p = unknown
/bin/uname -X     = unknown

/bin/arch              = unknown
/usr/bin/arch -k       = unknown
/usr/convex/getsysinfo = unknown
/usr/bin/hostinfo      = unknown
/bin/machine           = unknown
/usr/bin/oslevel       = unknown
/bin/universe          = unknown

PATH: /home/dungnguyen/.opam/4.05.0/bin
PATH: /home/dungnguyen/afl/afl-fuzz
PATH: /home/dungnguyen/gueb-testing/scripts
PATH: /home/dungnguyen/Downloads/Triton/build/src
PATH: /home/dungnguyen/gueb/src
PATH: /home/dungnguyen/binsec/src
PATH: /home/dungnguyen/Documents/depot_tools
PATH: /usr/local/sbin
PATH: /usr/local/bin
PATH: /usr/sbin
PATH: /usr/bin
PATH: /sbin
PATH: /bin
PATH: /usr/games
PATH: /usr/local/games
PATH: /snap/bin
PATH: /usr/lib/jvm/java-8-oracle/bin
PATH: /usr/lib/jvm/java-8-oracle/db/bin
PATH: /usr/lib/jvm/java-8-oracle/jre/bin
PATH: /home/dungnguyen/Documents/UnTracer-AFL


## ----------- ##
## Core tests. ##
## ----------- ##

configure:1721: checking for make
configure:1737: found /usr/bin/make
configure:1749: result: make
configure:1761: checking for ocamlfind
configure:1777: found /home/dungnguyen/.opam/4.05.0/bin/ocamlfind
configure:1789: result: ocamlfind
configure:1802: checking for ocamlc
configure:1818: found /home/dungnguyen/.opam/4.05.0/bin/ocamlc
configure:1830: result: ocamlc
configure:1843: checking for ocamlc.opt
configure:1859: found /home/dungnguyen/.opam/4.05.0/bin/ocamlc.opt
configure:1871: result: ocamlc.opt
configure:1885: checking version of OCaml
configure:1901: checking for ocamlopt
configure:1917: found /home/dungnguyen/.opam/4.05.0/bin/ocamlopt
configure:1929: result: ocamlopt
configure:1944: checking for ocamlopt.opt
configure:1960: found /home/dungnguyen/.opam/4.05.0/bin/ocamlopt.opt
configure:1972: result: ocamlopt.opt
configure:1993: checking for ocamlbuild
configure:2009: found /home/dungnguyen/.opam/4.05.0/bin/ocamlbuild
configure:2021: result: ocamlbuild
configure:2040: checking for ocamldep
configure:2056: found /home/dungnguyen/.opam/4.05.0/bin/ocamldep
configure:2068: result: ocamldep
configure:2085: checking for ocamllex
configure:2101: found /home/dungnguyen/.opam/4.05.0/bin/ocamllex
configure:2113: result: ocamllex
configure:2126: checking for menhir
configure:2142: found /home/dungnguyen/.opam/4.05.0/bin/menhir
configure:2154: result: menhir
configure:2172: checking for library ocamlgraph
configure:2176: result: /home/dungnguyen/.opam/4.05.0/lib/ocamlgraph
configure:2172: checking for library piqilib
configure:2176: result: /home/dungnguyen/.opam/4.05.0/lib/piqilib
configure:2172: checking for library zarith
configure:2176: result: /home/dungnguyen/.opam/4.05.0/lib/zarith
configure:2172: checking for library zmq
configure:2176: result: /home/dungnguyen/.opam/4.05.0/lib/zmq
configure:2172: checking for library llvm
configure:2176: result: /home/dungnguyen/.opam/4.05.0/lib/llvm
configure:2221: checking for piqi
configure:2237: found /home/dungnguyen/.opam/4.05.0/bin/piqi
configure:2249: result: piqi
configure:2261: checking for piqic-ocaml
configure:2277: found /home/dungnguyen/.opam/4.05.0/bin/piqic-ocaml
configure:2289: result: piqic-ocaml
configure:2301: checking for protoc
configure:2317: found /usr/local/bin/protoc
configure:2329: result: protoc
configure:2345: checking for ocamldoc
configure:2361: found /home/dungnguyen/.opam/4.05.0/bin/ocamldoc
configure:2373: result: ocamldoc
configure:2391: checking for cmake
configure:2407: found /usr/local/bin/cmake
configure:2419: result: cmake
configure:2435: checking for headache
configure:2463: result: no
configure:2472: WARNING: "License generation disabled."
configure:2478: checking for dot
configure:2494: found /usr/bin/dot
configure:2506: result: dot
configure:2522: checking for z3
configure:2538: found /usr/bin/z3
configure:2550: result: z3
configure:2565: checking for cvc4
configure:2593: result: no
configure:2602: WARNING: "cvc4 not found: some parts of binsec might not work."
configure:2608: checking for yices-smt2
configure:2636: result: no
configure:2645: WARNING: "yices-smt2 not found: some parts of binsec might not work."
configure:2651: checking for boolector
configure:2679: result: no
configure:2688: WARNING: "boolector not found: some parts of binsec might not work."
configure:2704: checking for gawk
configure:2720: found /usr/bin/gawk
configure:2731: result: gawk
configure:2771: checking for a thread-safe mkdir -p
configure:2810: result: /bin/mkdir -p
configure:2827: checking for a BSD-compatible install
configure:2895: result: /usr/bin/install -c
configure:3079: creating ./config.status

## ---------------------- ##
## Running config.status. ##
## ---------------------- ##

This file was extended by config.status, which was
generated by GNU Autoconf 2.69.  Invocation command line was

  CONFIG_FILES    = 
  CONFIG_HEADERS  = 
  CONFIG_LINKS    = 
  CONFIG_COMMANDS = 
  $ ./config.status 

on bean

config.status:758: creating Config.mk
config.status:930: executing depend commands
config.status:930: executing piqi_directory commands

## ---------------- ##
## Cache variables. ##
## ---------------- ##

ac_cv_env_build_alias_set=
ac_cv_env_build_alias_value=
ac_cv_env_host_alias_set=
ac_cv_env_host_alias_value=
ac_cv_env_target_alias_set=
ac_cv_env_target_alias_value=
ac_cv_path_install='/usr/bin/install -c'
ac_cv_path_mkdir=/bin/mkdir
ac_cv_prog_AWK=gawk
ac_cv_prog_BOOLECTOR=no
ac_cv_prog_CMAKE=cmake
ac_cv_prog_CVC4=no
ac_cv_prog_DOT=dot
ac_cv_prog_HEADACHE=no
ac_cv_prog_MAKE=make
ac_cv_prog_MENHIR=menhir
ac_cv_prog_OCAMLBUILD=ocamlbuild
ac_cv_prog_OCAMLC=ocamlc
ac_cv_prog_OCAMLCDOTOPT=ocamlc.opt
ac_cv_prog_OCAMLDEP=ocamldep
ac_cv_prog_OCAMLDOC=ocamldoc
ac_cv_prog_OCAMLFIND=ocamlfind
ac_cv_prog_OCAMLLEX=ocamllex
ac_cv_prog_OCAMLOPT=ocamlopt
ac_cv_prog_OCAMLOPTDOTOPT=ocamlopt.opt
ac_cv_prog_PIQI2CAML=piqic-ocaml
ac_cv_prog_PIQI=piqi
ac_cv_prog_PROTOC=protoc
ac_cv_prog_YICES=no
ac_cv_prog_Z3=z3

## ----------------- ##
## Output variables. ##
## ----------------- ##

AWK='gawk'
BOOLECTOR='no'
CMAKE='cmake'
CVC4='no'
DEFS='-DPACKAGE_NAME=\"\" -DPACKAGE_TARNAME=\"\" -DPACKAGE_VERSION=\"\" -DPACKAGE_STRING=\"\" -DPACKAGE_BUGREPORT=\"\" -DPACKAGE_URL=\"\"'
DOT='dot'
ECHO_C=''
ECHO_N='-n'
ECHO_T=''
HEADACHE='no'
INSTALL='/usr/bin/install -c'
INSTALL_DATA='${INSTALL} -m 644'
INSTALL_PROGRAM='${INSTALL}'
INSTALL_SCRIPT='${INSTALL}'
LIBOBJS=''
LIBS=''
LTLIBOBJS=''
MAKE='make'
MENHIR='menhir'
MKDIR_P='/bin/mkdir -p'
OCAMLBEST='opt'
OCAMLBUILD='ocamlbuild'
OCAMLC='ocamlc.opt'
OCAMLCDOTOPT='ocamlc.opt'
OCAMLDEP='ocamldep'
OCAMLDOC='ocamldoc'
OCAMLFIND='ocamlfind'
OCAMLLEX='ocamllex'
OCAMLOPT='ocamlopt.opt'
OCAMLOPTDOTOPT='ocamlopt.opt'
OCB_OPTIONS='-use-ocamlfind -I .'
PACKAGE_BUGREPORT=''
PACKAGE_NAME=''
PACKAGE_STRING=''
PACKAGE_TARNAME=''
PACKAGE_URL=''
PACKAGE_VERSION=''
PATH_SEPARATOR=':'
PIQI2CAML='piqic-ocaml'
PIQI='piqi'
PIQI_DIR='piqi'
PROTOC='protoc'
SHELL='/bin/bash'
YICES='no'
Z3='z3'
bindir='${exec_prefix}/bin'
build_alias=''
datadir='${datarootdir}'
datarootdir='${prefix}/share'
docdir='${datarootdir}/doc/${PACKAGE}'
dvidir='${docdir}'
exec_prefix='${prefix}'
host_alias=''
htmldir='${docdir}'
includedir='${prefix}/include'
infodir='${datarootdir}/info'
libdir='${exec_prefix}/lib'
libexecdir='${exec_prefix}/libexec'
localedir='${datarootdir}/locale'
localstatedir='${prefix}/var'
mandir='${datarootdir}/man'
oldincludedir='/usr/include'
pdfdir='${docdir}'
prefix='/usr/local'
program_transform_name='s,x,x,'
psdir='${docdir}'
runstatedir='${localstatedir}/run'
sbindir='${exec_prefix}/sbin'
sharedstatedir='${prefix}/com'
sysconfdir='${prefix}/etc'
target_alias=''

## ----------- ##
## confdefs.h. ##
## ----------- ##

/* confdefs.h */
#define PACKAGE_NAME ""
#define PACKAGE_TARNAME ""
#define PACKAGE_VERSION ""
#define PACKAGE_STRING ""
#define PACKAGE_BUGREPORT ""
#define PACKAGE_URL ""

configure: exit 0
